{
  "RSpec": {
    "coverage": {
      "/Volumes/Transcend/MAKERS/week_4/bookmark_day_1/app.rb": [
        null,
        1,
        1,
        1,
        1,
        1,
        null,
        1,
        null,
        1,
        1,
        null,
        null,
        1,
        1,
        1,
        null,
        null,
        1,
        1,
        null,
        null
      ],
      "/Volumes/Transcend/MAKERS/week_4/bookmark_day_1/lib/bookmark.rb": [
        1,
        null,
        1,
        null,
        1,
        null,
        null,
        1,
        2,
        2,
        null,
        0,
        null,
        2,
        8,
        null,
        null,
        null
      ],
      "/Volumes/Transcend/MAKERS/week_4/bookmark_day_1/spec/bookmark_spec.rb": [
        1,
        null,
        1,
        1,
        1,
        1,
        null,
        null,
        1,
        1,
        1,
        null,
        1,
        null,
        1,
        1,
        1,
        null,
        null,
        null
      ],
      "/Volumes/Transcend/MAKERS/week_4/bookmark_day_1/spec/features/bookmarks_spec.rb": [
        1,
        null,
        1,
        1,
        1,
        null,
        null,
        1,
        1,
        1,
        null,
        1,
        null,
        1,
        1,
        1,
        null,
        null
      ],
      "/Volumes/Transcend/MAKERS/week_4/bookmark_day_1/spec/features/index_spec.rb": [
        1,
        1,
        1,
        1,
        null,
        null
      ]
    },
    "timestamp": 1565700516
  }
}
